20/01/07 15:47:54 WARN NativeCodeLoader: Unable to load native-hadoop library for your platform... using builtin-java classes where applicable
20/01/07 15:47:57 INFO SparkContext: Running Spark version 2.4.3
20/01/07 15:47:57 WARN SparkConf: Note that spark.local.dir will be overridden by the value set by the cluster manager (via SPARK_LOCAL_DIRS in mesos/standalone/kubernetes and LOCAL_DIRS in YARN).
20/01/07 15:47:57 INFO SparkContext: Submitted application: sparklyr
20/01/07 15:47:57 INFO SecurityManager: Changing view acls to: 56570
20/01/07 15:47:57 INFO SecurityManager: Changing modify acls to: 56570
20/01/07 15:47:57 INFO SecurityManager: Changing view acls groups to: 
20/01/07 15:47:57 INFO SecurityManager: Changing modify acls groups to: 
20/01/07 15:47:57 INFO SecurityManager: SecurityManager: authentication disabled; ui acls disabled; users  with view permissions: Set(56570); groups with view permissions: Set(); users  with modify permissions: Set(56570); groups with modify permissions: Set()
20/01/07 15:47:57 INFO Utils: Successfully started service 'sparkDriver' on port 14617.
20/01/07 15:47:57 INFO SparkEnv: Registering MapOutputTracker
20/01/07 15:47:57 INFO SparkEnv: Registering BlockManagerMaster
20/01/07 15:47:57 INFO BlockManagerMasterEndpoint: Using org.apache.spark.storage.DefaultTopologyMapper for getting topology information
20/01/07 15:47:57 INFO BlockManagerMasterEndpoint: BlockManagerMasterEndpoint up
20/01/07 15:47:57 INFO DiskBlockManager: Created local directory at C:\Users\56570\AppData\Local\spark\spark-2.4.3-bin-hadoop2.7\tmp\local\blockmgr-81eb7c46-a705-4d31-be4f-c1d2ea3e25c4
20/01/07 15:47:57 INFO MemoryStore: MemoryStore started with capacity 912.3 MB
20/01/07 15:47:57 INFO SparkEnv: Registering OutputCommitCoordinator
20/01/07 15:47:57 WARN Utils: The configured local directories are not expected to be URIs; however, got suspicious values [C:/Users/56570/AppData/Local/spark/spark-2.4.3-bin-hadoop2.7/tmp/local]. Please check your configured local directories.
20/01/07 15:47:57 INFO Utils: Successfully started service 'SparkUI' on port 4040.
20/01/07 15:47:57 INFO SparkUI: Bound SparkUI to 127.0.0.1, and started at http://kubernetes.docker.internal:4040
20/01/07 15:47:57 INFO SparkContext: Added JAR file:/C:/Users/56570/Documents/R/win-library/3.6/sparklyr/java/sparklyr-2.4-2.11.jar at spark://kubernetes.docker.internal:14617/jars/sparklyr-2.4-2.11.jar with timestamp 1578383277650
20/01/07 15:47:57 INFO Executor: Starting executor ID driver on host localhost
20/01/07 15:47:57 INFO Utils: Successfully started service 'org.apache.spark.network.netty.NettyBlockTransferService' on port 14658.
20/01/07 15:47:57 INFO NettyBlockTransferService: Server created on kubernetes.docker.internal:14658
20/01/07 15:47:57 INFO BlockManager: Using org.apache.spark.storage.RandomBlockReplicationPolicy for block replication policy
20/01/07 15:47:57 INFO BlockManagerMaster: Registering BlockManager BlockManagerId(driver, kubernetes.docker.internal, 14658, None)
20/01/07 15:47:57 INFO BlockManagerMasterEndpoint: Registering block manager kubernetes.docker.internal:14658 with 912.3 MB RAM, BlockManagerId(driver, kubernetes.docker.internal, 14658, None)
20/01/07 15:47:57 INFO BlockManagerMaster: Registered BlockManager BlockManagerId(driver, kubernetes.docker.internal, 14658, None)
20/01/07 15:47:57 INFO BlockManager: Initialized BlockManager: BlockManagerId(driver, kubernetes.docker.internal, 14658, None)
20/01/07 15:47:58 INFO SharedState: loading hive config file: file:/C:/Users/56570/AppData/Local/spark/spark-2.4.3-bin-hadoop2.7/conf/hive-site.xml
20/01/07 15:47:58 INFO SharedState: Setting hive.metastore.warehouse.dir ('C:/Users/56570/AppData/Local/spark/spark-2.4.3-bin-hadoop2.7/tmp/hive') to the value of spark.sql.warehouse.dir ('C:/Users/56570/AppData/Local/spark/spark-2.4.3-bin-hadoop2.7/tmp/hive').
20/01/07 15:47:58 INFO SharedState: Warehouse path is 'C:/Users/56570/AppData/Local/spark/spark-2.4.3-bin-hadoop2.7/tmp/hive'.
20/01/07 15:47:58 INFO StateStoreCoordinatorRef: Registered StateStoreCoordinator endpoint
20/01/07 15:48:00 INFO CodeGenerator: Code generated in 231.8548 ms
20/01/07 15:48:05 INFO SparkContext: Invoking stop() from shutdown hook
20/01/07 15:48:05 INFO SparkUI: Stopped Spark web UI at http://kubernetes.docker.internal:4040
20/01/07 15:48:05 INFO MapOutputTrackerMasterEndpoint: MapOutputTrackerMasterEndpoint stopped!
20/01/07 15:48:05 INFO MemoryStore: MemoryStore cleared
20/01/07 15:48:05 INFO BlockManager: BlockManager stopped
20/01/07 15:48:05 INFO BlockManagerMaster: BlockManagerMaster stopped
20/01/07 15:48:05 INFO OutputCommitCoordinator$OutputCommitCoordinatorEndpoint: OutputCommitCoordinator stopped!
20/01/07 15:48:05 INFO SparkContext: Successfully stopped SparkContext
20/01/07 15:48:05 INFO ShutdownHookManager: Shutdown hook called
20/01/07 15:48:05 INFO ShutdownHookManager: Deleting directory C:\Users\56570\AppData\Local\spark\spark-2.4.3-bin-hadoop2.7\tmp\local\spark-c80e3742-8fa2-4c15-9403-2c43b5afbb93
20/01/07 15:48:05 INFO ShutdownHookManager: Deleting directory C:\Users\56570\AppData\Local\Temp\spark-dafddfbc-5c05-400d-a3ce-aa63851fefab
